#
# There is insufficient memory for the Java Runtime Environment to continue.
# Native memory allocation (mmap) failed to map 266338304 bytes for G1 virtual space
# Possible reasons:
#   The system is out of physical RAM or swap space
#   The process is running with CompressedOops enabled, and the Java Heap may be blocking the growth of the native heap
# Possible solutions:
#   Reduce memory load on the system
#   Increase physical memory or swap space
#   Check if swap backing store is full
#   Decrease Java heap size (-Xmx/-Xms)
#   Decrease number of Java threads
#   Decrease Java thread stack sizes (-Xss)
#   Set larger code cache with -XX:ReservedCodeCacheSize=
#   JVM is running with Zero Based Compressed Oops mode in which the Java heap is
#     placed in the first 32GB address space. The Java Heap base address is the
#     maximum limit for the native heap growth. Please use -XX:HeapBaseMinAddress
#     to set the Java Heap base and to place the Java Heap above 32GB virtual address.
# This output file may be truncated or incomplete.
#
#  Out of Memory Error (os_windows.cpp:3825), pid=17620, tid=9832
#
# JRE version:  (17.0.10) (build )
# Java VM: OpenJDK 64-Bit Server VM (17.0.10+0--11572160, mixed mode, sharing, tiered, compressed oops, compressed class ptrs, g1 gc, windows-amd64)
# No core dump will be written. Minidumps are not enabled by default on client versions of Windows
#

---------------  S U M M A R Y ------------

Command Line: git4idea.http.GitAskPassApp Username for 'https://github.com': 

Host: 11th Gen Intel(R) Core(TM) i7-11800H @ 2.30GHz, 16 cores, 15G,  Windows 11 , 64 bit Build 22621 (10.0.22621.3374)
Time: Tue May 21 10:51:30 2024  Windows 11 , 64 bit Build 22621 (10.0.22621.3374) elapsed time: 0.008461 seconds (0d 0h 0m 0s)

---------------  T H R E A D  ---------------

Current thread (0x000001dfd7567db0):  JavaThread "Unknown thread" [_thread_in_vm, id=9832, stack(0x0000003036400000,0x0000003036500000)]

Stack: [0x0000003036400000,0x0000003036500000]
Native frames: (J=compiled Java code, j=interpreted, Vv=VM code, C=native code)
V  [jvm.dll+0x688e89]
V  [jvm.dll+0x84247a]
V  [jvm.dll+0x8440be]
V  [jvm.dll+0x844723]
V  [jvm.dll+0x24be0f]
V  [jvm.dll+0x685c59]
V  [jvm.dll+0x67a50a]
V  [jvm.dll+0x30cbab]
V  [jvm.dll+0x314056]
V  [jvm.dll+0x363dce]
V  [jvm.dll+0x363fff]
V  [jvm.dll+0x2e2978]
V  [jvm.dll+0x2e38e4]
V  [jvm.dll+0x813011]
V  [jvm.dll+0x371c81]
V  [jvm.dll+0x7f1b66]
V  [jvm.dll+0x3f58df]
V  [jvm.dll+0x3f7511]
C  [jli.dll+0x528f]
C  [ucrtbase.dll+0x29333]
C  [KERNEL32.DLL+0x1257d]
C  [ntdll.dll+0x5aa48]


---------------  P R O C E S S  ---------------

Threads class SMR info:
_java_thread_list=0x00007ffd34c3ef58, length=0, elements={
}

Java Threads: ( => current thread )

Other Threads:
  0x000001dfd75d2f20 GCTaskThread "GC Thread#0" [stack: 0x0000003036500000,0x0000003036600000] [id=20024]
  0x000001dfd75e4220 ConcurrentGCThread "G1 Main Marker" [stack: 0x0000003036600000,0x0000003036700000] [id=15148]
  0x000001dfd75e57b0 ConcurrentGCThread "G1 Conc#0" [stack: 0x0000003036700000,0x0000003036800000] [id=29356]

[error occurred during error reporting (printing all threads), id 0xc0000005, EXCEPTION_ACCESS_VIOLATION (0xc0000005) at pc=0x00007ffd343f3547]

VM state: not at safepoint (not fully initialized)

VM Mutex/Monitor currently owned by a thread:  ([mutex/lock_event])
[0x000001dfd7561ee0] Heap_lock - owner thread: 0x000001dfd7567db0

Heap address: 0x0000000703a00000, size: 4038 MB, Compressed Oops mode: Zero based, Oop shift amount: 3

CDS archive(s) mapped at: [0x0000000000000000-0x0000000000000000-0x0000000000000000), size 0, SharedBaseAddress: 0x0000000800000000, ArchiveRelocationMode: 1.
Narrow klass base: 0x0000000000000000, Narrow klass shift: 0, Narrow klass range: 0x0

GC Precious Log:
<Empty>

Heap:
 garbage-first heap   total 0K, used 0K [0x0000000703a00000, 0x0000000800000000)
  region size 2048K, 0 young (0K), 0 survivors (0K)
 Metaspace       used 0K, committed 0K, reserved 0K
  class space    used 0K, committed 0K, reserved 0K

Heap Regions: E=young(eden), S=young(survivor), O=old, HS=humongous(starts), HC=humongous(continues), CS=collection set, F=free, OA=open archive, CA=closed archive, TAMS=top-at-mark-start (previous, next)

Card table byte_map: [0x000001dfeaa80000,0x000001dfeb270000] _byte_map_base: 0x000001dfe7263000

Marking Bits (Prev, Next): (CMBitMap*) 0x000001dfd75d3540, (CMBitMap*) 0x000001dfd75d3580
 Prev Bits: [0x000001dfeba60000, 0x000001dfef978000)
 Next Bits: [0x000001dfef980000, 0x000001dff3898000)

GC Heap History (0 events):
No events

Dll operation events (1 events):
Event: 0.005 Loaded shared library D:\SoftWare\toolbox\Android Studio\jbr\bin\java.dll

Deoptimization events (0 events):
No events

Classes unloaded (0 events):
No events

Classes redefined (0 events):
No events

Internal exceptions (0 events):
No events

VM Operations (0 events):
No events

Events (0 events):
No events


Dynamic libraries:
0x00007ff69dca0000 - 0x00007ff69dcaa000 	D:\SoftWare\toolbox\Android Studio\jbr\bin\java.exe
0x00007ffe33ed0000 - 0x00007ffe340e6000 	C:\WINDOWS\SYSTEM32\ntdll.dll
0x00007ffe32080000 - 0x00007ffe32144000 	C:\WINDOWS\System32\KERNEL32.DLL
0x00007ffe31690000 - 0x00007ffe31a37000 	C:\WINDOWS\System32\KERNELBASE.dll
0x000000005c030000 - 0x000000005c362000 	C:\Program Files\Norton Security\NortonData\22.23.5.106\Definitions\IPSDefs\20231208.064\IPSEng64.dll
0x00007ffe322d0000 - 0x00007ffe32382000 	C:\WINDOWS\System32\ADVAPI32.dll
0x00007ffe32390000 - 0x00007ffe32437000 	C:\WINDOWS\System32\msvcrt.dll
0x00007ffe332c0000 - 0x00007ffe33368000 	C:\WINDOWS\System32\sechost.dll
0x00007ffe31a40000 - 0x00007ffe31a68000 	C:\WINDOWS\System32\bcrypt.dll
0x00007ffe32610000 - 0x00007ffe32725000 	C:\WINDOWS\System32\RPCRT4.dll
0x00007ffe32600000 - 0x00007ffe32608000 	C:\WINDOWS\System32\PSAPI.DLL
0x00007ffe31260000 - 0x00007ffe31371000 	C:\WINDOWS\System32\ucrtbase.dll
0x00007ffe217d0000 - 0x00007ffe217eb000 	D:\SoftWare\toolbox\Android Studio\jbr\bin\VCRUNTIME140.dll
0x00007ffe0db80000 - 0x00007ffe0db97000 	D:\SoftWare\toolbox\Android Studio\jbr\bin\jli.dll
0x00007ffe33030000 - 0x00007ffe331de000 	C:\WINDOWS\System32\USER32.dll
0x00007ffe31b30000 - 0x00007ffe31b56000 	C:\WINDOWS\System32\win32u.dll
0x00007ffe19840000 - 0x00007ffe19ad3000 	C:\WINDOWS\WinSxS\amd64_microsoft.windows.common-controls_6595b64144ccf1df_6.0.22621.3235_none_270f74e173860f98\COMCTL32.dll
0x00007ffe33000000 - 0x00007ffe33029000 	C:\WINDOWS\System32\GDI32.dll
0x00007ffe314f0000 - 0x00007ffe31609000 	C:\WINDOWS\System32\gdi32full.dll
0x00007ffe31b60000 - 0x00007ffe31bfa000 	C:\WINDOWS\System32\msvcp_win.dll
0x00007ffe33400000 - 0x00007ffe33431000 	C:\WINDOWS\System32\IMM32.DLL
0x00007ffe29cf0000 - 0x00007ffe29cfc000 	D:\SoftWare\toolbox\Android Studio\jbr\bin\vcruntime140_1.dll
0x00007ffdc1e20000 - 0x00007ffdc1ead000 	D:\SoftWare\toolbox\Android Studio\jbr\bin\msvcp140.dll
0x00007ffd34100000 - 0x00007ffd34d83000 	D:\SoftWare\toolbox\Android Studio\jbr\bin\server\jvm.dll
0x00007ffe27eb0000 - 0x00007ffe27eba000 	C:\WINDOWS\SYSTEM32\VERSION.dll
0x00007ffe30090000 - 0x00007ffe300dd000 	C:\WINDOWS\SYSTEM32\POWRPROF.dll
0x00007ffe263a0000 - 0x00007ffe263d4000 	C:\WINDOWS\SYSTEM32\WINMM.dll
0x00007ffe0b0e0000 - 0x00007ffe0b0e9000 	C:\WINDOWS\SYSTEM32\WSOCK32.dll
0x00007ffe331f0000 - 0x00007ffe33261000 	C:\WINDOWS\System32\WS2_32.dll
0x00007ffe30070000 - 0x00007ffe30083000 	C:\WINDOWS\SYSTEM32\UMPDC.dll
0x00007ffe30320000 - 0x00007ffe30338000 	C:\WINDOWS\SYSTEM32\kernel.appcore.dll
0x00007ffe15190000 - 0x00007ffe1519a000 	D:\SoftWare\toolbox\Android Studio\jbr\bin\jimage.dll
0x00007ffe2eb50000 - 0x00007ffe2ed83000 	C:\WINDOWS\SYSTEM32\DBGHELP.DLL
0x00007ffe334c0000 - 0x00007ffe33848000 	C:\WINDOWS\System32\combase.dll
0x00007ffe32510000 - 0x00007ffe325e7000 	C:\WINDOWS\System32\OLEAUT32.dll
0x00007ffe10e00000 - 0x00007ffe10e32000 	C:\WINDOWS\SYSTEM32\dbgcore.DLL
0x00007ffe31610000 - 0x00007ffe31689000 	C:\WINDOWS\System32\bcryptPrimitives.dll
0x00007ffe0f7e0000 - 0x00007ffe0f805000 	D:\SoftWare\toolbox\Android Studio\jbr\bin\java.dll

dbghelp: loaded successfully - version: 4.0.5 - missing functions: none
symbol engine: initialized successfully - sym options: 0x614 - pdb path: .;D:\SoftWare\toolbox\Android Studio\jbr\bin;C:\WINDOWS\SYSTEM32;C:\Program Files\Norton Security\NortonData\22.23.5.106\Definitions\IPSDefs\20231208.064;C:\WINDOWS\WinSxS\amd64_microsoft.windows.common-controls_6595b64144ccf1df_6.0.22621.3235_none_270f74e173860f98;D:\SoftWare\toolbox\Android Studio\jbr\bin\server

VM Arguments:
java_command: git4idea.http.GitAskPassApp Username for 'https://github.com': 
java_class_path (initial): D:/SoftWare/toolbox/Android Studio/plugins/vcs-git/lib/git4idea-rt.jar;D:/SoftWare/toolbox/Android Studio/lib/externalProcess-rt.jar
Launcher Type: SUN_STANDARD

[Global flags]
     intx CICompilerCount                          = 12                                        {product} {ergonomic}
     uint ConcGCThreads                            = 3                                         {product} {ergonomic}
     uint G1ConcRefinementThreads                  = 13                                        {product} {ergonomic}
   size_t G1HeapRegionSize                         = 2097152                                   {product} {ergonomic}
    uintx GCDrainStackTargetSize                   = 64                                        {product} {ergonomic}
   size_t InitialHeapSize                          = 266338304                                 {product} {ergonomic}
   size_t MarkStackSize                            = 4194304                                   {product} {ergonomic}
   size_t MaxHeapSize                              = 4234149888                                {product} {ergonomic}
   size_t MinHeapDeltaBytes                        = 2097152                                   {product} {ergonomic}
   size_t MinHeapSize                              = 8388608                                   {product} {ergonomic}
    uintx NonNMethodCodeHeapSize                   = 7602480                                {pd product} {ergonomic}
    uintx NonProfiledCodeHeapSize                  = 122027880                              {pd product} {ergonomic}
    uintx ProfiledCodeHeapSize                     = 122027880                              {pd product} {ergonomic}
    uintx ReservedCodeCacheSize                    = 251658240                              {pd product} {ergonomic}
     bool SegmentedCodeCache                       = true                                      {product} {ergonomic}
   size_t SoftMaxHeapSize                          = 4234149888                             {manageable} {ergonomic}
     bool UseCompressedClassPointers               = true                           {product lp64_product} {ergonomic}
     bool UseCompressedOops                        = true                           {product lp64_product} {ergonomic}
     bool UseG1GC                                  = true                                      {product} {ergonomic}
     bool UseLargePagesIndividualAllocation        = false                                  {pd product} {ergonomic}

Logging:
Log output configuration:
 #0: stdout all=warning uptime,level,tags
 #1: stderr all=off uptime,level,tags

Environment Variables:
PATH=C:/Program Files/Git/mingw64/libexec/git-core;C:/Program Files/Git/mingw64/libexec/git-core;C:\Program Files\Git\mingw64\bin;C:\Program Files\Git\usr\bin;C:\Users\22913\bin;C:\Program Files\Common Files\Oracle\Java\javapath;C:\Windows\system32;C:\Windows;C:\Windows\System32\Wbem;C:\Windows\System32\WindowsPowerShell\v1.0\;C:\Windows\System32\OpenSSH\;C:\Program Files (x86)\NVIDIA Corporation\PhysX\Common;C:\Program Files\NVIDIA Corporation\NVIDIA NvDLISR;C:\WINDOWS\system32;C:\WINDOWS;C:\WINDOWS\System32\Wbem;C:\WINDOWS\System32\WindowsPowerShell\v1.0\;C:\WINDOWS\System32\OpenSSH\;C:\Program Files\dotnet\;C:\Program Files\nodejs\;C:\ProgramData\chocolatey\bin;C:\Program Files\Git\cmd;C:\Program Files\Java\jdk-22\bin;C:\Users\22913\AppData\Local\Programs\Python\Launcher\;C:\Users\22913\AppData\Local\Microsoft\WindowsApps;C:\Users\22913\AppData\Local\JetBrains\Toolbox\scripts;C:\Users\22913\AppData\Local\Microsoft\WindowsApps;C:\Users\22913\AppData\Local\GitHubDesktop\bin;C:\Users\22913\AppData\Roaming\npm;C:\Users\22913\AppData\Local\Programs\Microsoft VS Code\bin;C:\Users\22913\.dotnet\tools
USERNAME=22913
DISPLAY=:0.0
LC_ALL=en_US.UTF-8
TERM=xterm-256color
TMPDIR=C:\Users\22913\AppData\Local\Temp
OS=Windows_NT
PROCESSOR_IDENTIFIER=Intel64 Family 6 Model 141 Stepping 1, GenuineIntel
TMP=C:\Users\22913\AppData\Local\Temp
TEMP=C:\Users\22913\AppData\Local\Temp



Periodic native trim disabled

JNI global refs:
JNI global refs: 0, weak refs: 0

JNI global refs memory usage: 0, weak refs: 0

OOME stack traces (most recent first):
Classloader memory used:


---------------  S Y S T E M  ---------------

OS:
 Windows 11 , 64 bit Build 22621 (10.0.22621.3374)
OS uptime: 6 days 13:44 hours

CPU: total 16 (initial active 16) (8 cores per cpu, 2 threads per core) family 6 model 141 stepping 1 microcode 0x3c, cx8, cmov, fxsr, ht, mmx, 3dnowpref, sse, sse2, sse3, ssse3, sse4.1, sse4.2, popcnt, lzcnt, tsc, tscinvbit, avx, avx2, aes, erms, clmul, bmi1, bmi2, adx, avx512f, avx512dq, avx512cd, avx512bw, avx512vl, sha, fma, vzeroupper, avx512_vpopcntdq, avx512_vpclmulqdq, avx512_vaes, avx512_vnni, clflush, clflushopt, clwb, avx512_vbmi2, avx512_vbmi
Processor Information for all 16 processors :
  Max Mhz: 2304, Current Mhz: 2304, Mhz Limit: 2304

Memory: 4k page, system-wide physical 16147M (554M free)
TotalPageFile size 46600M (AvailPageFile size 206M)
current process WorkingSet (physical memory assigned to process): 12M, peak: 12M
current process commit charge ("private bytes"): 71M, peak: 325M

vm_info: OpenJDK 64-Bit Server VM (17.0.10+0--11572160) for windows-amd64 JRE (17.0.10+0--11572160), built on Mar 13 2024 23:56:38 by "androidbuild" with MS VC++ 16.10 / 16.11 (VS2019)

END.
